{"uid":"83c75e0f45e832e4","name":"Scenario - Return to home from a football page","fullName":"Feature - Diario AS proof of concept for Prisa: Scenario - Return to home from a football page","historyId":"1f87bd26d6e13aebb8753b27c44554df","time":{"start":1666256535816,"stop":1666256550479,"duration":14663},"status":"broken","statusMessage":"A node reference could not be resolved: Node with identifier 'node-150F2F84-2CD6-451F-90DA-EF37C8B152C1' was not found\nFor documentation on this error, please visit: https://selenium.dev/exceptions/#stale_element_reference\nBuild info: version: '4.5.0', revision: 'fe167b119a'\nSystem info: os.name: 'Mac OS X', os.arch: 'x86_64', os.version: '12.6', java.version: '11.0.16.1'\nDriver info: org.openqa.selenium.safari.SafariDriver\nCommand: [B01EEA02-D09E-47AF-ACA0-3FD6F833EC72, isElementDisplayed {id=node-150F2F84-2CD6-451F-90DA-EF37C8B152C1}]\nCapabilities {acceptInsecureCerts: false, browserName: Safari, browserVersion: 16.0, platformName: MAC, safari:automaticInspection: false, safari:automaticProfiling: false, safari:diagnose: false, safari:platformBuildVersion: 21G115, safari:platformVersion: 12.6, safari:useSimulator: false, setWindowRect: true, strictFileInteractability: false, webkit:WebRTC: {DisableICECandidateFiltering: false, DisableInsecureMediaCapture: false}}\nElement: [[SafariDriver: Safari on MAC (B01EEA02-D09E-47AF-ACA0-3FD6F833EC72)] -> css selector: article h2.s__tl a]\nSession ID: B01EEA02-D09E-47AF-ACA0-3FD6F833EC72","statusTrace":"org.openqa.selenium.StaleElementReferenceException: A node reference could not be resolved: Node with identifier 'node-150F2F84-2CD6-451F-90DA-EF37C8B152C1' was not found\nFor documentation on this error, please visit: https://selenium.dev/exceptions/#stale_element_reference\nBuild info: version: '4.5.0', revision: 'fe167b119a'\nSystem info: os.name: 'Mac OS X', os.arch: 'x86_64', os.version: '12.6', java.version: '11.0.16.1'\nDriver info: org.openqa.selenium.safari.SafariDriver\nCommand: [B01EEA02-D09E-47AF-ACA0-3FD6F833EC72, isElementDisplayed {id=node-150F2F84-2CD6-451F-90DA-EF37C8B152C1}]\nCapabilities {acceptInsecureCerts: false, browserName: Safari, browserVersion: 16.0, platformName: MAC, safari:automaticInspection: false, safari:automaticProfiling: false, safari:diagnose: false, safari:platformBuildVersion: 21G115, safari:platformVersion: 12.6, safari:useSimulator: false, setWindowRect: true, strictFileInteractability: false, webkit:WebRTC: {DisableICECandidateFiltering: false, DisableInsecureMediaCapture: false}}\nElement: [[SafariDriver: Safari on MAC (B01EEA02-D09E-47AF-ACA0-3FD6F833EC72)] -> css selector: article h2.s__tl a]\nSession ID: B01EEA02-D09E-47AF-ACA0-3FD6F833EC72\n\tat java.base/jdk.internal.reflect.NativeConstructorAccessorImpl.newInstance0(Native Method)\n\tat java.base/jdk.internal.reflect.NativeConstructorAccessorImpl.newInstance(NativeConstructorAccessorImpl.java:62)\n\tat java.base/jdk.internal.reflect.DelegatingConstructorAccessorImpl.newInstance(DelegatingConstructorAccessorImpl.java:45)\n\tat java.base/java.lang.reflect.Constructor.newInstance(Constructor.java:490)\n\tat org.openqa.selenium.remote.codec.w3c.W3CHttpResponseCodec.createException(W3CHttpResponseCodec.java:200)\n\tat org.openqa.selenium.remote.codec.w3c.W3CHttpResponseCodec.decode(W3CHttpResponseCodec.java:133)\n\tat org.openqa.selenium.remote.codec.w3c.W3CHttpResponseCodec.decode(W3CHttpResponseCodec.java:53)\n\tat org.openqa.selenium.remote.HttpCommandExecutor.execute(HttpCommandExecutor.java:184)\n\tat org.openqa.selenium.remote.service.DriverCommandExecutor.invokeExecute(DriverCommandExecutor.java:167)\n\tat org.openqa.selenium.remote.service.DriverCommandExecutor.execute(DriverCommandExecutor.java:142)\n\tat org.openqa.selenium.remote.RemoteWebDriver.execute(RemoteWebDriver.java:547)\n\tat org.openqa.selenium.remote.RemoteWebElement.execute(RemoteWebElement.java:257)\n\tat org.openqa.selenium.remote.RemoteWebElement.isDisplayed(RemoteWebElement.java:313)\n\tat java.base/jdk.internal.reflect.NativeMethodAccessorImpl.invoke0(Native Method)\n\tat java.base/jdk.internal.reflect.NativeMethodAccessorImpl.invoke(NativeMethodAccessorImpl.java:62)\n\tat java.base/jdk.internal.reflect.DelegatingMethodAccessorImpl.invoke(DelegatingMethodAccessorImpl.java:43)\n\tat java.base/java.lang.reflect.Method.invoke(Method.java:566)\n\tat org.openqa.selenium.support.pagefactory.internal.LocatingElementHandler.invoke(LocatingElementHandler.java:52)\n\tat com.sun.proxy.$Proxy25.isDisplayed(Unknown Source)\n\tat org.openqa.selenium.support.ui.ExpectedConditions.elementIfVisible(ExpectedConditions.java:307)\n\tat org.openqa.selenium.support.ui.ExpectedConditions.access$000(ExpectedConditions.java:40)\n\tat org.openqa.selenium.support.ui.ExpectedConditions$10.apply(ExpectedConditions.java:293)\n\tat org.openqa.selenium.support.ui.ExpectedConditions$10.apply(ExpectedConditions.java:290)\n\tat org.openqa.selenium.support.ui.FluentWait.until(FluentWait.java:208)\n\tat com.prisa.poc.utils.WaitLoad.waitForElementVisible(WaitLoad.java:37)\n\tat com.prisa.poc.pages.NewsPage.waitForPageLoad(NewsPage.java:32)\n\tat com.prisa.poc.stepDefinitions.DiarioAsSteps.theUserClicksOnTheBannerASLogo(DiarioAsSteps.java:59)\n\tat ✽.The user clicks on the banner AS logo(file:///Users/runner/work/POC_Selenium/POC_Selenium/src/test/resources/functionalTest/diarioAS.feature:20)\n","flaky":false,"newFailed":false,"newBroken":true,"newPassed":false,"retriesCount":0,"retriesStatusChange":false,"beforeStages":[{"name":"com.prisa.poc.stepDefinitions.Hooks.setUp()","time":{"start":1666256535817,"stop":1666256537570,"duration":1753},"status":"passed","steps":[],"attachments":[],"parameters":[],"stepsCount":0,"attachmentsCount":0,"shouldDisplayMessage":false,"hasContent":false}],"testStage":{"status":"broken","statusMessage":"A node reference could not be resolved: Node with identifier 'node-150F2F84-2CD6-451F-90DA-EF37C8B152C1' was not found\nFor documentation on this error, please visit: https://selenium.dev/exceptions/#stale_element_reference\nBuild info: version: '4.5.0', revision: 'fe167b119a'\nSystem info: os.name: 'Mac OS X', os.arch: 'x86_64', os.version: '12.6', java.version: '11.0.16.1'\nDriver info: org.openqa.selenium.safari.SafariDriver\nCommand: [B01EEA02-D09E-47AF-ACA0-3FD6F833EC72, isElementDisplayed {id=node-150F2F84-2CD6-451F-90DA-EF37C8B152C1}]\nCapabilities {acceptInsecureCerts: false, browserName: Safari, browserVersion: 16.0, platformName: MAC, safari:automaticInspection: false, safari:automaticProfiling: false, safari:diagnose: false, safari:platformBuildVersion: 21G115, safari:platformVersion: 12.6, safari:useSimulator: false, setWindowRect: true, strictFileInteractability: false, webkit:WebRTC: {DisableICECandidateFiltering: false, DisableInsecureMediaCapture: false}}\nElement: [[SafariDriver: Safari on MAC (B01EEA02-D09E-47AF-ACA0-3FD6F833EC72)] -> css selector: article h2.s__tl a]\nSession ID: B01EEA02-D09E-47AF-ACA0-3FD6F833EC72","statusTrace":"org.openqa.selenium.StaleElementReferenceException: A node reference could not be resolved: Node with identifier 'node-150F2F84-2CD6-451F-90DA-EF37C8B152C1' was not found\nFor documentation on this error, please visit: https://selenium.dev/exceptions/#stale_element_reference\nBuild info: version: '4.5.0', revision: 'fe167b119a'\nSystem info: os.name: 'Mac OS X', os.arch: 'x86_64', os.version: '12.6', java.version: '11.0.16.1'\nDriver info: org.openqa.selenium.safari.SafariDriver\nCommand: [B01EEA02-D09E-47AF-ACA0-3FD6F833EC72, isElementDisplayed {id=node-150F2F84-2CD6-451F-90DA-EF37C8B152C1}]\nCapabilities {acceptInsecureCerts: false, browserName: Safari, browserVersion: 16.0, platformName: MAC, safari:automaticInspection: false, safari:automaticProfiling: false, safari:diagnose: false, safari:platformBuildVersion: 21G115, safari:platformVersion: 12.6, safari:useSimulator: false, setWindowRect: true, strictFileInteractability: false, webkit:WebRTC: {DisableICECandidateFiltering: false, DisableInsecureMediaCapture: false}}\nElement: [[SafariDriver: Safari on MAC (B01EEA02-D09E-47AF-ACA0-3FD6F833EC72)] -> css selector: article h2.s__tl a]\nSession ID: B01EEA02-D09E-47AF-ACA0-3FD6F833EC72\n\tat java.base/jdk.internal.reflect.NativeConstructorAccessorImpl.newInstance0(Native Method)\n\tat java.base/jdk.internal.reflect.NativeConstructorAccessorImpl.newInstance(NativeConstructorAccessorImpl.java:62)\n\tat java.base/jdk.internal.reflect.DelegatingConstructorAccessorImpl.newInstance(DelegatingConstructorAccessorImpl.java:45)\n\tat java.base/java.lang.reflect.Constructor.newInstance(Constructor.java:490)\n\tat org.openqa.selenium.remote.codec.w3c.W3CHttpResponseCodec.createException(W3CHttpResponseCodec.java:200)\n\tat org.openqa.selenium.remote.codec.w3c.W3CHttpResponseCodec.decode(W3CHttpResponseCodec.java:133)\n\tat org.openqa.selenium.remote.codec.w3c.W3CHttpResponseCodec.decode(W3CHttpResponseCodec.java:53)\n\tat org.openqa.selenium.remote.HttpCommandExecutor.execute(HttpCommandExecutor.java:184)\n\tat org.openqa.selenium.remote.service.DriverCommandExecutor.invokeExecute(DriverCommandExecutor.java:167)\n\tat org.openqa.selenium.remote.service.DriverCommandExecutor.execute(DriverCommandExecutor.java:142)\n\tat org.openqa.selenium.remote.RemoteWebDriver.execute(RemoteWebDriver.java:547)\n\tat org.openqa.selenium.remote.RemoteWebElement.execute(RemoteWebElement.java:257)\n\tat org.openqa.selenium.remote.RemoteWebElement.isDisplayed(RemoteWebElement.java:313)\n\tat java.base/jdk.internal.reflect.NativeMethodAccessorImpl.invoke0(Native Method)\n\tat java.base/jdk.internal.reflect.NativeMethodAccessorImpl.invoke(NativeMethodAccessorImpl.java:62)\n\tat java.base/jdk.internal.reflect.DelegatingMethodAccessorImpl.invoke(DelegatingMethodAccessorImpl.java:43)\n\tat java.base/java.lang.reflect.Method.invoke(Method.java:566)\n\tat org.openqa.selenium.support.pagefactory.internal.LocatingElementHandler.invoke(LocatingElementHandler.java:52)\n\tat com.sun.proxy.$Proxy25.isDisplayed(Unknown Source)\n\tat org.openqa.selenium.support.ui.ExpectedConditions.elementIfVisible(ExpectedConditions.java:307)\n\tat org.openqa.selenium.support.ui.ExpectedConditions.access$000(ExpectedConditions.java:40)\n\tat org.openqa.selenium.support.ui.ExpectedConditions$10.apply(ExpectedConditions.java:293)\n\tat org.openqa.selenium.support.ui.ExpectedConditions$10.apply(ExpectedConditions.java:290)\n\tat org.openqa.selenium.support.ui.FluentWait.until(FluentWait.java:208)\n\tat com.prisa.poc.utils.WaitLoad.waitForElementVisible(WaitLoad.java:37)\n\tat com.prisa.poc.pages.NewsPage.waitForPageLoad(NewsPage.java:32)\n\tat com.prisa.poc.stepDefinitions.DiarioAsSteps.theUserClicksOnTheBannerASLogo(DiarioAsSteps.java:59)\n\tat ✽.The user clicks on the banner AS logo(file:///Users/runner/work/POC_Selenium/POC_Selenium/src/test/resources/functionalTest/diarioAS.feature:20)\n","steps":[{"name":"Given  The user is on the as.com home page","time":{"start":1666256537571,"stop":1666256542076,"duration":4505},"status":"passed","steps":[],"attachments":[],"parameters":[],"stepsCount":0,"attachmentsCount":0,"shouldDisplayMessage":false,"hasContent":false},{"name":"And  The user accepts cookies pop-up","time":{"start":1666256542076,"stop":1666256545721,"duration":3645},"status":"passed","steps":[],"attachments":[],"parameters":[],"stepsCount":0,"attachmentsCount":0,"shouldDisplayMessage":false,"hasContent":false},{"name":"When  The user access Atletico de Madrid within the Futbol section","time":{"start":1666256545722,"stop":1666256549077,"duration":3355},"status":"passed","steps":[],"attachments":[],"parameters":[],"stepsCount":0,"attachmentsCount":0,"shouldDisplayMessage":false,"hasContent":false},{"name":"And  The user clicks on the banner AS logo","time":{"start":1666256549078,"stop":1666256549434,"duration":356},"status":"broken","statusMessage":"A node reference could not be resolved: Node with identifier 'node-150F2F84-2CD6-451F-90DA-EF37C8B152C1' was not found\nFor documentation on this error, please visit: https://selenium.dev/exceptions/#stale_element_reference\nBuild info: version: '4.5.0', revision: 'fe167b119a'\nSystem info: os.name: 'Mac OS X', os.arch: 'x86_64', os.version: '12.6', java.version: '11.0.16.1'\nDriver info: org.openqa.selenium.safari.SafariDriver\nCommand: [B01EEA02-D09E-47AF-ACA0-3FD6F833EC72, isElementDisplayed {id=node-150F2F84-2CD6-451F-90DA-EF37C8B152C1}]\nCapabilities {acceptInsecureCerts: false, browserName: Safari, browserVersion: 16.0, platformName: MAC, safari:automaticInspection: false, safari:automaticProfiling: false, safari:diagnose: false, safari:platformBuildVersion: 21G115, safari:platformVersion: 12.6, safari:useSimulator: false, setWindowRect: true, strictFileInteractability: false, webkit:WebRTC: {DisableICECandidateFiltering: false, DisableInsecureMediaCapture: false}}\nElement: [[SafariDriver: Safari on MAC (B01EEA02-D09E-47AF-ACA0-3FD6F833EC72)] -> css selector: article h2.s__tl a]\nSession ID: B01EEA02-D09E-47AF-ACA0-3FD6F833EC72","statusTrace":"org.openqa.selenium.StaleElementReferenceException: A node reference could not be resolved: Node with identifier 'node-150F2F84-2CD6-451F-90DA-EF37C8B152C1' was not found\nFor documentation on this error, please visit: https://selenium.dev/exceptions/#stale_element_reference\nBuild info: version: '4.5.0', revision: 'fe167b119a'\nSystem info: os.name: 'Mac OS X', os.arch: 'x86_64', os.version: '12.6', java.version: '11.0.16.1'\nDriver info: org.openqa.selenium.safari.SafariDriver\nCommand: [B01EEA02-D09E-47AF-ACA0-3FD6F833EC72, isElementDisplayed {id=node-150F2F84-2CD6-451F-90DA-EF37C8B152C1}]\nCapabilities {acceptInsecureCerts: false, browserName: Safari, browserVersion: 16.0, platformName: MAC, safari:automaticInspection: false, safari:automaticProfiling: false, safari:diagnose: false, safari:platformBuildVersion: 21G115, safari:platformVersion: 12.6, safari:useSimulator: false, setWindowRect: true, strictFileInteractability: false, webkit:WebRTC: {DisableICECandidateFiltering: false, DisableInsecureMediaCapture: false}}\nElement: [[SafariDriver: Safari on MAC (B01EEA02-D09E-47AF-ACA0-3FD6F833EC72)] -> css selector: article h2.s__tl a]\nSession ID: B01EEA02-D09E-47AF-ACA0-3FD6F833EC72\n\tat java.base/jdk.internal.reflect.NativeConstructorAccessorImpl.newInstance0(Native Method)\n\tat java.base/jdk.internal.reflect.NativeConstructorAccessorImpl.newInstance(NativeConstructorAccessorImpl.java:62)\n\tat java.base/jdk.internal.reflect.DelegatingConstructorAccessorImpl.newInstance(DelegatingConstructorAccessorImpl.java:45)\n\tat java.base/java.lang.reflect.Constructor.newInstance(Constructor.java:490)\n\tat org.openqa.selenium.remote.codec.w3c.W3CHttpResponseCodec.createException(W3CHttpResponseCodec.java:200)\n\tat org.openqa.selenium.remote.codec.w3c.W3CHttpResponseCodec.decode(W3CHttpResponseCodec.java:133)\n\tat org.openqa.selenium.remote.codec.w3c.W3CHttpResponseCodec.decode(W3CHttpResponseCodec.java:53)\n\tat org.openqa.selenium.remote.HttpCommandExecutor.execute(HttpCommandExecutor.java:184)\n\tat org.openqa.selenium.remote.service.DriverCommandExecutor.invokeExecute(DriverCommandExecutor.java:167)\n\tat org.openqa.selenium.remote.service.DriverCommandExecutor.execute(DriverCommandExecutor.java:142)\n\tat org.openqa.selenium.remote.RemoteWebDriver.execute(RemoteWebDriver.java:547)\n\tat org.openqa.selenium.remote.RemoteWebElement.execute(RemoteWebElement.java:257)\n\tat org.openqa.selenium.remote.RemoteWebElement.isDisplayed(RemoteWebElement.java:313)\n\tat java.base/jdk.internal.reflect.NativeMethodAccessorImpl.invoke0(Native Method)\n\tat java.base/jdk.internal.reflect.NativeMethodAccessorImpl.invoke(NativeMethodAccessorImpl.java:62)\n\tat java.base/jdk.internal.reflect.DelegatingMethodAccessorImpl.invoke(DelegatingMethodAccessorImpl.java:43)\n\tat java.base/java.lang.reflect.Method.invoke(Method.java:566)\n\tat org.openqa.selenium.support.pagefactory.internal.LocatingElementHandler.invoke(LocatingElementHandler.java:52)\n\tat com.sun.proxy.$Proxy25.isDisplayed(Unknown Source)\n\tat org.openqa.selenium.support.ui.ExpectedConditions.elementIfVisible(ExpectedConditions.java:307)\n\tat org.openqa.selenium.support.ui.ExpectedConditions.access$000(ExpectedConditions.java:40)\n\tat org.openqa.selenium.support.ui.ExpectedConditions$10.apply(ExpectedConditions.java:293)\n\tat org.openqa.selenium.support.ui.ExpectedConditions$10.apply(ExpectedConditions.java:290)\n\tat org.openqa.selenium.support.ui.FluentWait.until(FluentWait.java:208)\n\tat com.prisa.poc.utils.WaitLoad.waitForElementVisible(WaitLoad.java:37)\n\tat com.prisa.poc.pages.NewsPage.waitForPageLoad(NewsPage.java:32)\n\tat com.prisa.poc.stepDefinitions.DiarioAsSteps.theUserClicksOnTheBannerASLogo(DiarioAsSteps.java:59)\n\tat ✽.The user clicks on the banner AS logo(file:///Users/runner/work/POC_Selenium/POC_Selenium/src/test/resources/functionalTest/diarioAS.feature:20)\n","steps":[],"attachments":[],"parameters":[],"stepsCount":0,"attachmentsCount":0,"shouldDisplayMessage":true,"hasContent":true},{"name":"Then  The user is redirected to the home page","time":{"start":1666256549437,"stop":1666256549438,"duration":1},"status":"skipped","steps":[],"attachments":[],"parameters":[],"stepsCount":0,"attachmentsCount":0,"shouldDisplayMessage":false,"hasContent":false}],"attachments":[],"parameters":[],"stepsCount":5,"attachmentsCount":0,"shouldDisplayMessage":false,"hasContent":true},"afterStages":[{"name":"com.prisa.poc.stepDefinitions.Hooks.tearDown(io.cucumber.java.Scenario)","time":{"start":1666256549438,"stop":1666256550476,"duration":1038},"status":"passed","steps":[],"attachments":[{"uid":"ffa6234ea53e0c97","name":"Scenario - Return to home from a football page","source":"ffa6234ea53e0c97.png","type":"image/png","size":312712}],"parameters":[],"stepsCount":0,"attachmentsCount":1,"shouldDisplayMessage":false,"hasContent":true}],"labels":[{"name":"tag","value":"as.com"},{"name":"tag","value":"Case02"},{"name":"tag","value":"Home"},{"name":"severity","value":"critical"},{"name":"host","value":"Mac-1666254898801.local"},{"name":"thread","value":"2209@Mac-1666254898801.local.main(1)"},{"name":"feature","value":"Feature - Diario AS proof of concept for Prisa"},{"name":"story","value":"Scenario - Return to home from a football page"},{"name":"suite","value":"Feature - Diario AS proof of concept for Prisa"},{"name":"testClass","value":"Scenario - Return to home from a football page"},{"name":"framework","value":"cucumber4jvm"},{"name":"language","value":"java"},{"name":"gherkin_uri","value":"file:///Users/runner/work/POC_Selenium/POC_Selenium/src/test/resources/functionalTest/diarioAS.feature"},{"name":"package","value":"src.test.resources.functionalTest.diarioAS_feature.Feature - Diario AS proof of concept for Prisa"},{"name":"resultFormat","value":"allure2"}],"parameters":[],"links":[],"hidden":false,"retry":false,"extra":{"severity":"critical","retries":[],"categories":[{"name":"Test defects","matchedStatuses":[],"flaky":false}],"history":{"statistic":{"failed":6,"broken":4,"skipped":0,"passed":16,"unknown":0,"total":26},"items":[{"uid":"3916bf75219cc071","reportUrl":"https://hiberus-prisa-qa-devops.github.io/POC_Selenium/14//#testresult/3916bf75219cc071","status":"passed","time":{"start":1666255822839,"stop":1666255922259,"duration":99420}},{"uid":"3cc7c7fc194e255d","reportUrl":"https://hiberus-prisa-qa-devops.github.io/POC_Selenium/13//#testresult/3cc7c7fc194e255d","status":"broken","statusDetails":"A node reference could not be resolved: Node with identifier 'node-3FC8A40D-C468-4E82-A857-2D9D2894D53E' was not found\nFor documentation on this error, please visit: https://selenium.dev/exceptions/#stale_element_reference\nBuild info: version: '4.5.0', revision: 'fe167b119a'\nSystem info: os.name: 'Mac OS X', os.arch: 'x86_64', os.version: '12.6', java.version: '11.0.16.1'\nDriver info: org.openqa.selenium.safari.SafariDriver\nCommand: [FB250452-1F78-4CD9-B4D0-14E3459785D2, clickElement {id=node-3FC8A40D-C468-4E82-A857-2D9D2894D53E}]\nCapabilities {acceptInsecureCerts: false, browserName: Safari, browserVersion: 16.0, platformName: MAC, safari:automaticInspection: false, safari:automaticProfiling: false, safari:diagnose: false, safari:platformBuildVersion: 21G115, safari:platformVersion: 12.6, safari:useSimulator: false, setWindowRect: true, strictFileInteractability: false, webkit:WebRTC: {DisableICECandidateFiltering: false, DisableInsecureMediaCapture: false}}\nElement: [[SafariDriver: Safari on MAC (FB250452-1F78-4CD9-B4D0-14E3459785D2)] -> xpath: //span[@class='ai-as']]\nSession ID: FB250452-1F78-4CD9-B4D0-14E3459785D2","time":{"start":1666255783489,"stop":1666255794052,"duration":10563}},{"uid":"cf28808d759d95ad","reportUrl":"https://hiberus-prisa-qa-devops.github.io/POC_Selenium/12//#testresult/cf28808d759d95ad","status":"passed","time":{"start":1666255443812,"stop":1666255470458,"duration":26646}},{"uid":"b1609a5c2a98d27b","reportUrl":"https://hiberus-prisa-qa-devops.github.io/POC_Selenium/11//#testresult/b1609a5c2a98d27b","status":"broken","statusDetails":"Expected condition failed: waiting for visibility of [[FirefoxDriver: firefox on MAC (d9101eb2-885a-4260-8f81-bf5f9aab192b)] -> id: didomi-notice-agree-button] (tried for 1 second(s) with 500 milliseconds interval)\nBuild info: version: '4.5.0', revision: 'fe167b119a'\nSystem info: os.name: 'Mac OS X', os.arch: 'x86_64', os.version: '12.6', java.version: '11.0.16.1'\nDriver info: org.openqa.selenium.firefox.FirefoxDriver\nCapabilities {acceptInsecureCerts: true, browserName: firefox, browserVersion: 105.0.3, moz:accessibilityChecks: false, moz:buildID: 20221007134813, moz:debuggerAddress: 127.0.0.1:49236, moz:geckodriverVersion: 0.32.0, moz:headless: false, moz:platformVersion: 21.6.0, moz:processID: 3073, moz:profile: /var/folders/24/8k48jl6d249..., moz:shutdownTimeout: 60000, moz:useNonSpecCompliantPointerOrigin: false, moz:webdriverClick: true, moz:windowless: false, pageLoadStrategy: normal, platformName: MAC, proxy: Proxy(), se:cdp: ws://127.0.0.1:49236/devtoo..., se:cdpVersion: 85.0, setWindowRect: true, strictFileInteractability: false, timeouts: {implicit: 0, pageLoad: 300000, script: 30000}, unhandledPromptBehavior: dismiss and notify}\nSession ID: d9101eb2-885a-4260-8f81-bf5f9aab192b","time":{"start":1666254866447,"stop":1666254878360,"duration":11913}},{"uid":"dab6a4d8aa853800","reportUrl":"https://hiberus-prisa-qa-devops.github.io/POC_Selenium/9//#testresult/dab6a4d8aa853800","status":"passed","time":{"start":1666254371584,"stop":1666254455066,"duration":83482}},{"uid":"c72a1302308e429","reportUrl":"https://hiberus-prisa-qa-devops.github.io/POC_Selenium/10//#testresult/c72a1302308e429","status":"broken","statusDetails":"A node reference could not be resolved: Node with identifier 'node-5FBF27B6-EECF-4CA2-8418-042FC657E701' was not found\nFor documentation on this error, please visit: https://selenium.dev/exceptions/#stale_element_reference\nBuild info: version: '4.5.0', revision: 'fe167b119a'\nSystem info: os.name: 'Mac OS X', os.arch: 'x86_64', os.version: '12.6', java.version: '11.0.16.1'\nDriver info: org.openqa.selenium.safari.SafariDriver\nCommand: [1E47D83F-34AB-4014-B721-0F808FD6B179, clickElement {id=node-5FBF27B6-EECF-4CA2-8418-042FC657E701}]\nCapabilities {acceptInsecureCerts: false, browserName: Safari, browserVersion: 16.0, platformName: MAC, safari:automaticInspection: false, safari:automaticProfiling: false, safari:diagnose: false, safari:platformBuildVersion: 21G115, safari:platformVersion: 12.6, safari:useSimulator: false, setWindowRect: true, strictFileInteractability: false, webkit:WebRTC: {DisableICECandidateFiltering: false, DisableInsecureMediaCapture: false}}\nElement: [[SafariDriver: Safari on MAC (1E47D83F-34AB-4014-B721-0F808FD6B179)] -> xpath: //span[@class='ai-as']]\nSession ID: 1E47D83F-34AB-4014-B721-0F808FD6B179","time":{"start":1666254583156,"stop":1666254593224,"duration":10068}},{"uid":"dac02ac42d553fc","reportUrl":"https://hiberus-prisa-qa-devops.github.io/POC_Selenium/8//#testresult/dac02ac42d553fc","status":"passed","time":{"start":1666254036904,"stop":1666254085095,"duration":48191}},{"uid":"399d484e184787a8","reportUrl":"https://hiberus-prisa-qa-devops.github.io/POC_Selenium/7//#testresult/399d484e184787a8","status":"failed","statusDetails":"El usuario no se encuentra en la página de inicio expected:<https://[as.com/?nrd=1]> but was:<https://[us.as.com/]>","time":{"start":1666253385381,"stop":1666253435915,"duration":50534}},{"uid":"76a3e207734db2ce","reportUrl":"https://hiberus-prisa-qa-devops.github.io/POC_Selenium/6//#testresult/76a3e207734db2ce","status":"passed","time":{"start":1666239288501,"stop":1666239366316,"duration":77815}},{"uid":"bd9a817219a7277e","reportUrl":"https://hiberus-prisa-qa-devops.github.io/POC_Selenium/5//#testresult/bd9a817219a7277e","status":"passed","time":{"start":1666239050549,"stop":1666239075813,"duration":25264}},{"uid":"6f7fbebb342f0965","reportUrl":"https://hiberus-prisa-qa-devops.github.io/POC_Selenium/4//#testresult/6f7fbebb342f0965","status":"failed","statusDetails":"El usuario no se encuentra en la página de inicio expected:<https://as.com/[?nrd=1]> but was:<https://as.com/[noticias/atletico-madrid/?omnil=mpal]>","time":{"start":1666238701470,"stop":1666238741387,"duration":39917}},{"uid":"8cd317b02bad9e0d","reportUrl":"https://hiberus-prisa-qa-devops.github.io/POC_Selenium/3//#testresult/8cd317b02bad9e0d","status":"passed","time":{"start":1666236919504,"stop":1666236964724,"duration":45220}},{"uid":"52c63605a0863170","reportUrl":"https://hiberus-prisa-qa-devops.github.io/POC_Selenium/2//#testresult/52c63605a0863170","status":"failed","statusDetails":"El usuario no se encuentra en la página de inicio expected:<https://[as.com/?nrd=1]> but was:<https://[us.as.com/]>","time":{"start":1666205948259,"stop":1666206000811,"duration":52552}},{"uid":"88a7cb9f42b3f1e2","reportUrl":"https://hiberus-prisa-qa-devops.github.io/POC_Selenium/1//#testresult/88a7cb9f42b3f1e2","status":"passed","time":{"start":1666204860953,"stop":1666204899915,"duration":38962}},{"uid":"c073fa8b2cf53716","reportUrl":"https://hiberus-prisa-qa-devops.github.io/POC_Selenium/80//#testresult/c073fa8b2cf53716","status":"passed","time":{"start":1666203213206,"stop":1666203310546,"duration":97340}},{"uid":"2f233fd89222bfe","reportUrl":"https://hiberus-prisa-qa-devops.github.io/POC_Selenium/79//#testresult/2f233fd89222bfe","status":"failed","statusDetails":"El usuario no se encuentra en la página de inicio expected:<https://as.com/[?nrd=1]> but was:<https://as.com/[noticias/atletico-madrid/?omnil=mpal]>","time":{"start":1666202659732,"stop":1666202682091,"duration":22359}},{"uid":"1c5071a4df704f01","reportUrl":"https://hiberus-prisa-qa-devops.github.io/POC_Selenium/78//#testresult/1c5071a4df704f01","status":"passed","time":{"start":1666202388211,"stop":1666202432381,"duration":44170}},{"uid":"b00458db3bb59609","reportUrl":"https://hiberus-prisa-qa-devops.github.io/POC_Selenium/77//#testresult/b00458db3bb59609","status":"passed","time":{"start":1666200087355,"stop":1666200136074,"duration":48719}},{"uid":"d7e6b7d899211c58","reportUrl":"https://hiberus-prisa-qa-devops.github.io/POC_Selenium/76//#testresult/d7e6b7d899211c58","status":"failed","statusDetails":"El usuario no se encuentra en la página de inicio expected:<https://as.com/[?nrd=1]> but was:<https://as.com/[noticias/atletico-madrid/?omnil=mpal]>","time":{"start":1666199588235,"stop":1666199611349,"duration":23114}},{"uid":"3145c1eff5bb6a2c","reportUrl":"https://hiberus-prisa-qa-devops.github.io/POC_Selenium/75//#testresult/3145c1eff5bb6a2c","status":"passed","time":{"start":1666199445019,"stop":1666199484821,"duration":39802}}]},"tags":["Case02","as.com","Home"]},"source":"83c75e0f45e832e4.json","parameterValues":[]}